<?xml version="1.0" encoding="UTF-8"?>
<!-- Generated by org.testng.reporters.JUnitReportReporter -->
<testsuite skipped="0" hostname="macbooks-Air.home" name="com.hubspot.tests.ContactsPageTest" tests="3" failures="0" timestamp="17 Mar 2020 15:21:38 GMT" time="135.847" errors="0">
  <testcase name="createNewContactTest" time="44.772" classname="com.hubspot.tests.ContactsPageTest"/>
  <testcase name="createNewContactTest" time="44.304" classname="com.hubspot.tests.ContactsPageTest"/>
  <testcase name="createNewContactTest" time="46.771" classname="com.hubspot.tests.ContactsPageTest"/>
</testsuite> <!-- com.hubspot.tests.ContactsPageTest -->
