<?xml version="1.0" encoding="UTF-8"?>
<!-- Generated by org.testng.reporters.JUnitReportReporter -->
<testsuite skipped="0" hostname="macbooks-Air.home" name="com.hubspot.tests.LoginPageTest" tests="1" failures="0" timestamp="17 Mar 2020 17:45:52 GMT" time="19.620" errors="0">
  <testcase name="loginTest1" time="19.620" classname="com.hubspot.tests.LoginPageTest"/>
</testsuite> <!-- com.hubspot.tests.LoginPageTest -->
